2021-12-30 00:05:32 Starting HimsApplication using Java 1.8.0_312 on NOCTLI-MB0 with PID 44971 (/Users/lizongjia/Desktop/数据库大作业/DB-Practice/hims-backend/target/classes started by lizongjia in /Users/lizongjia/Desktop/数据库大作业/DB-Practice)
2021-12-30 00:05:32 No active profile set, falling back to default profiles: default
2021-12-30 00:05:33 Bean 'org.springframework.security.access.expression.method.DefaultMethodSecurityExpressionHandler@16edd4dd' of type [org.springframework.security.access.expression.method.DefaultMethodSecurityExpressionHandler] is not eligible for getting processed by all BeanPostProcessors (for example: not eligible for auto-proxying)
2021-12-30 00:05:33 Bean 'methodSecurityMetadataSource' of type [org.springframework.security.access.method.DelegatingMethodSecurityMetadataSource] is not eligible for getting processed by all BeanPostProcessors (for example: not eligible for auto-proxying)
2021-12-30 00:05:33 Tomcat initialized with port(s): 8080 (http)
2021-12-30 00:05:33 Initializing ProtocolHandler ["http-nio-8080"]
2021-12-30 00:05:33 Starting service [Tomcat]
2021-12-30 00:05:33 Starting Servlet engine: [Apache Tomcat/9.0.41]
2021-12-30 00:05:33 Initializing Spring embedded WebApplicationContext
2021-12-30 00:05:33 Root WebApplicationContext: initialization completed in 303 ms
2021-12-30 00:05:33 Autowired annotation should only be used on methods with parameters: public java.util.Map com.hims.serviceImpl.AdminServiceImpl.getPatientTable()
2021-12-30 00:05:33 Autowired annotation should only be used on methods with parameters: public java.util.Map com.hims.serviceImpl.AdminServiceImpl.getDoctorTable()
2021-12-30 00:05:33 HikariPool-3 - Starting...
2021-12-30 00:05:33 HikariPool-3 - Start completed.
2021-12-30 00:05:33 Mapped URL path [/v2/api-docs] onto method [springfox.documentation.swagger2.web.Swagger2Controller#getDocumentation(String, HttpServletRequest)]
2021-12-30 00:05:33 

Using generated security password: d431d2cb-6607-4626-8944-be4f5721c682

2021-12-30 00:05:33 Will secure any request with [org.springframework.security.web.context.request.async.WebAsyncManagerIntegrationFilter@3f86cec6, org.springframework.security.web.context.SecurityContextPersistenceFilter@7b6a8734, org.springframework.security.web.header.HeaderWriterFilter@71f1d9b8, org.springframework.security.web.authentication.logout.LogoutFilter@65d8f1fe, org.springframework.security.web.savedrequest.RequestCacheAwareFilter@6111917c, org.springframework.security.web.servletapi.SecurityContextHolderAwareRequestFilter@1ed2b8ff, org.springframework.security.web.authentication.AnonymousAuthenticationFilter@3629bd96, org.springframework.security.web.session.SessionManagementFilter@26ce5d89, org.springframework.security.web.access.ExceptionTranslationFilter@6e3905d, org.springframework.security.web.access.intercept.FilterSecurityInterceptor@4f6b0c25]
2021-12-30 00:05:33 Initializing ExecutorService 'applicationTaskExecutor'
2021-12-30 00:05:33 LiveReload server is running on port 35729
2021-12-30 00:05:33 Starting ProtocolHandler ["http-nio-8080"]
2021-12-30 00:05:33 Tomcat started on port(s): 8080 (http) with context path ''
2021-12-30 00:05:33 Context refreshed
2021-12-30 00:05:33 Found 1 custom documentation plugin(s)
2021-12-30 00:05:33 Scanning for api listing references
2021-12-30 00:05:33 Started HimsApplication in 0.863 seconds (JVM running for 3534.989)
2021-12-30 00:05:33 Condition evaluation unchanged
2021-12-30 00:05:39 Shutting down ExecutorService 'applicationTaskExecutor'
2021-12-30 00:05:39 HikariPool-3 - Shutdown initiated...
2021-12-30 00:05:39 HikariPool-3 - Shutdown completed.
2021-12-30 00:05:39 Starting HimsApplication using Java 1.8.0_312 on NOCTLI-MB0 with PID 44971 (/Users/lizongjia/Desktop/数据库大作业/DB-Practice/hims-backend/target/classes started by lizongjia in /Users/lizongjia/Desktop/数据库大作业/DB-Practice)
2021-12-30 00:05:39 No active profile set, falling back to default profiles: default
2021-12-30 00:05:39 Bean 'org.springframework.security.access.expression.method.DefaultMethodSecurityExpressionHandler@8437da5' of type [org.springframework.security.access.expression.method.DefaultMethodSecurityExpressionHandler] is not eligible for getting processed by all BeanPostProcessors (for example: not eligible for auto-proxying)
2021-12-30 00:05:39 Bean 'methodSecurityMetadataSource' of type [org.springframework.security.access.method.DelegatingMethodSecurityMetadataSource] is not eligible for getting processed by all BeanPostProcessors (for example: not eligible for auto-proxying)
2021-12-30 00:05:39 Tomcat initialized with port(s): 8080 (http)
2021-12-30 00:05:39 Initializing ProtocolHandler ["http-nio-8080"]
2021-12-30 00:05:39 Starting service [Tomcat]
2021-12-30 00:05:39 Starting Servlet engine: [Apache Tomcat/9.0.41]
2021-12-30 00:05:39 Initializing Spring embedded WebApplicationContext
2021-12-30 00:05:39 Root WebApplicationContext: initialization completed in 241 ms
2021-12-30 00:05:39 Autowired annotation should only be used on methods with parameters: public java.util.Map com.hims.serviceImpl.AdminServiceImpl.getPatientTable()
2021-12-30 00:05:39 Autowired annotation should only be used on methods with parameters: public java.util.Map com.hims.serviceImpl.AdminServiceImpl.getDoctorTable()
2021-12-30 00:05:39 HikariPool-4 - Starting...
2021-12-30 00:05:39 HikariPool-4 - Start completed.
2021-12-30 00:05:39 Mapped URL path [/v2/api-docs] onto method [springfox.documentation.swagger2.web.Swagger2Controller#getDocumentation(String, HttpServletRequest)]
2021-12-30 00:05:39 

Using generated security password: a8782544-0497-4fd5-8d0a-4f85f21369e8

2021-12-30 00:05:39 Will secure any request with [org.springframework.security.web.context.request.async.WebAsyncManagerIntegrationFilter@5dedcbb8, org.springframework.security.web.context.SecurityContextPersistenceFilter@4edf659, org.springframework.security.web.header.HeaderWriterFilter@6724c689, org.springframework.security.web.authentication.logout.LogoutFilter@5d561ad9, org.springframework.security.web.savedrequest.RequestCacheAwareFilter@5192a673, org.springframework.security.web.servletapi.SecurityContextHolderAwareRequestFilter@10433246, org.springframework.security.web.authentication.AnonymousAuthenticationFilter@173e77f7, org.springframework.security.web.session.SessionManagementFilter@154ea76, org.springframework.security.web.access.ExceptionTranslationFilter@15b8025d, org.springframework.security.web.access.intercept.FilterSecurityInterceptor@58aa7cfd]
2021-12-30 00:05:39 Initializing ExecutorService 'applicationTaskExecutor'
2021-12-30 00:05:39 LiveReload server is running on port 35729
2021-12-30 00:05:39 Starting ProtocolHandler ["http-nio-8080"]
2021-12-30 00:05:39 Tomcat started on port(s): 8080 (http) with context path ''
2021-12-30 00:05:39 Context refreshed
2021-12-30 00:05:39 Found 1 custom documentation plugin(s)
2021-12-30 00:05:39 Scanning for api listing references
2021-12-30 00:05:39 Started HimsApplication in 0.54 seconds (JVM running for 3541.143)
2021-12-30 00:05:39 Condition evaluation unchanged
2021-12-30 00:06:39 Initializing Spring DispatcherServlet 'dispatcherServlet'
2021-12-30 00:06:39 Initializing Servlet 'dispatcherServlet'
2021-12-30 00:06:39 Completed initialization in 2 ms
2021-12-30 00:14:05 Shutting down ExecutorService 'applicationTaskExecutor'
2021-12-30 00:14:05 HikariPool-4 - Shutdown initiated...
2021-12-30 00:14:05 HikariPool-4 - Shutdown completed.
2021-12-30 09:06:52 Starting HimsApplication using Java 1.8.0_312 on NOCTLI-MB0 with PID 62752 (/Users/lizongjia/Desktop/数据库大作业/DB-Practice/hims-backend/target/classes started by lizongjia in /Users/lizongjia/Desktop/数据库大作业/DB-Practice)
2021-12-30 09:06:52 No active profile set, falling back to default profiles: default
2021-12-30 09:06:52 Devtools property defaults active! Set 'spring.devtools.add-properties' to 'false' to disable
2021-12-30 09:06:52 For additional web related logging consider setting the 'logging.level.web' property to 'DEBUG'
2021-12-30 09:06:53 Bean 'org.springframework.security.access.expression.method.DefaultMethodSecurityExpressionHandler@31b0852c' of type [org.springframework.security.access.expression.method.DefaultMethodSecurityExpressionHandler] is not eligible for getting processed by all BeanPostProcessors (for example: not eligible for auto-proxying)
2021-12-30 09:06:53 Bean 'methodSecurityMetadataSource' of type [org.springframework.security.access.method.DelegatingMethodSecurityMetadataSource] is not eligible for getting processed by all BeanPostProcessors (for example: not eligible for auto-proxying)
2021-12-30 09:06:54 Tomcat initialized with port(s): 8080 (http)
2021-12-30 09:06:54 Initializing ProtocolHandler ["http-nio-8080"]
2021-12-30 09:06:54 Starting service [Tomcat]
2021-12-30 09:06:54 Starting Servlet engine: [Apache Tomcat/9.0.41]
2021-12-30 09:06:54 Initializing Spring embedded WebApplicationContext
2021-12-30 09:06:54 Root WebApplicationContext: initialization completed in 1269 ms
2021-12-30 09:06:54 Autowired annotation should only be used on methods with parameters: public java.util.Map com.hims.serviceImpl.AdminServiceImpl.getPatientTable()
2021-12-30 09:06:54 Autowired annotation should only be used on methods with parameters: public java.util.Map com.hims.serviceImpl.AdminServiceImpl.getDoctorTable()
2021-12-30 09:06:54 HikariPool-1 - Starting...
2021-12-30 09:06:54 HikariPool-1 - Start completed.
2021-12-30 09:06:55 Mapped URL path [/v2/api-docs] onto method [springfox.documentation.swagger2.web.Swagger2Controller#getDocumentation(String, HttpServletRequest)]
2021-12-30 09:06:55 

Using generated security password: fd803ab4-4ae4-480c-aa13-41e250674602

2021-12-30 09:06:55 Will secure any request with [org.springframework.security.web.context.request.async.WebAsyncManagerIntegrationFilter@606d2ff, org.springframework.security.web.context.SecurityContextPersistenceFilter@3bfcc4a7, org.springframework.security.web.header.HeaderWriterFilter@37c2dff1, org.springframework.security.web.authentication.logout.LogoutFilter@a431860, org.springframework.security.web.savedrequest.RequestCacheAwareFilter@2e43149e, org.springframework.security.web.servletapi.SecurityContextHolderAwareRequestFilter@3039496e, org.springframework.security.web.authentication.AnonymousAuthenticationFilter@5acb34f8, org.springframework.security.web.session.SessionManagementFilter@52f16907, org.springframework.security.web.access.ExceptionTranslationFilter@37710e31, org.springframework.security.web.access.intercept.FilterSecurityInterceptor@24c12726]
2021-12-30 09:06:55 Initializing ExecutorService 'applicationTaskExecutor'
2021-12-30 09:06:55 LiveReload server is running on port 35729
2021-12-30 09:06:55 Starting ProtocolHandler ["http-nio-8080"]
2021-12-30 09:06:55 Tomcat started on port(s): 8080 (http) with context path ''
2021-12-30 09:06:55 Context refreshed
2021-12-30 09:06:55 Found 1 custom documentation plugin(s)
2021-12-30 09:06:55 Scanning for api listing references
2021-12-30 09:06:55 Started HimsApplication in 3.632 seconds (JVM running for 4.123)
2021-12-30 09:10:13 Shutting down ExecutorService 'applicationTaskExecutor'
2021-12-30 09:10:13 HikariPool-1 - Shutdown initiated...
2021-12-30 09:10:13 HikariPool-1 - Shutdown completed.
2021-12-30 09:10:14 Starting HimsApplication using Java 1.8.0_312 on NOCTLI-MB0 with PID 62752 (/Users/lizongjia/Desktop/数据库大作业/DB-Practice/hims-backend/target/classes started by lizongjia in /Users/lizongjia/Desktop/数据库大作业/DB-Practice)
2021-12-30 09:10:14 No active profile set, falling back to default profiles: default
2021-12-30 09:10:14 Bean 'org.springframework.security.access.expression.method.DefaultMethodSecurityExpressionHandler@39349a45' of type [org.springframework.security.access.expression.method.DefaultMethodSecurityExpressionHandler] is not eligible for getting processed by all BeanPostProcessors (for example: not eligible for auto-proxying)
2021-12-30 09:10:14 Bean 'methodSecurityMetadataSource' of type [org.springframework.security.access.method.DelegatingMethodSecurityMetadataSource] is not eligible for getting processed by all BeanPostProcessors (for example: not eligible for auto-proxying)
2021-12-30 09:10:14 Tomcat initialized with port(s): 8080 (http)
2021-12-30 09:10:14 Initializing ProtocolHandler ["http-nio-8080"]
2021-12-30 09:10:14 Starting service [Tomcat]
2021-12-30 09:10:14 Starting Servlet engine: [Apache Tomcat/9.0.41]
2021-12-30 09:10:14 Initializing Spring embedded WebApplicationContext
2021-12-30 09:10:14 Root WebApplicationContext: initialization completed in 362 ms
2021-12-30 09:10:14 Autowired annotation should only be used on methods with parameters: public java.util.Map com.hims.serviceImpl.AdminServiceImpl.getPatientTable()
2021-12-30 09:10:14 Autowired annotation should only be used on methods with parameters: public java.util.Map com.hims.serviceImpl.AdminServiceImpl.getDoctorTable()
2021-12-30 09:10:14 HikariPool-2 - Starting...
2021-12-30 09:10:14 HikariPool-2 - Start completed.
2021-12-30 09:10:14 Mapped URL path [/v2/api-docs] onto method [springfox.documentation.swagger2.web.Swagger2Controller#getDocumentation(String, HttpServletRequest)]
2021-12-30 09:10:14 

Using generated security password: 81a74590-a47b-4ecf-bdb5-6a65ae22df35

2021-12-30 09:10:14 Will secure any request with [org.springframework.security.web.context.request.async.WebAsyncManagerIntegrationFilter@26a92a4f, org.springframework.security.web.context.SecurityContextPersistenceFilter@6c073601, org.springframework.security.web.header.HeaderWriterFilter@176bfbad, org.springframework.security.web.authentication.logout.LogoutFilter@698257b2, org.springframework.security.web.savedrequest.RequestCacheAwareFilter@48360512, org.springframework.security.web.servletapi.SecurityContextHolderAwareRequestFilter@48292a, org.springframework.security.web.authentication.AnonymousAuthenticationFilter@53232a8b, org.springframework.security.web.session.SessionManagementFilter@2ab2d4c6, org.springframework.security.web.access.ExceptionTranslationFilter@6348ebb8, org.springframework.security.web.access.intercept.FilterSecurityInterceptor@11f2bd9d]
2021-12-30 09:10:14 Initializing ExecutorService 'applicationTaskExecutor'
2021-12-30 09:10:14 LiveReload server is running on port 35729
2021-12-30 09:10:14 Starting ProtocolHandler ["http-nio-8080"]
2021-12-30 09:10:14 Tomcat started on port(s): 8080 (http) with context path ''
2021-12-30 09:10:14 Context refreshed
2021-12-30 09:10:14 Found 1 custom documentation plugin(s)
2021-12-30 09:10:14 Scanning for api listing references
2021-12-30 09:10:14 Started HimsApplication in 1.029 seconds (JVM running for 203.122)
2021-12-30 09:10:14 Condition evaluation unchanged
2021-12-30 09:10:27 Shutting down ExecutorService 'applicationTaskExecutor'
2021-12-30 09:10:27 HikariPool-2 - Shutdown initiated...
2021-12-30 09:10:27 HikariPool-2 - Shutdown completed.
2021-12-30 09:10:27 Starting HimsApplication using Java 1.8.0_312 on NOCTLI-MB0 with PID 62752 (/Users/lizongjia/Desktop/数据库大作业/DB-Practice/hims-backend/target/classes started by lizongjia in /Users/lizongjia/Desktop/数据库大作业/DB-Practice)
2021-12-30 09:10:27 No active profile set, falling back to default profiles: default
2021-12-30 09:10:27 Bean 'org.springframework.security.access.expression.method.DefaultMethodSecurityExpressionHandler@42ef4561' of type [org.springframework.security.access.expression.method.DefaultMethodSecurityExpressionHandler] is not eligible for getting processed by all BeanPostProcessors (for example: not eligible for auto-proxying)
2021-12-30 09:10:27 Bean 'methodSecurityMetadataSource' of type [org.springframework.security.access.method.DelegatingMethodSecurityMetadataSource] is not eligible for getting processed by all BeanPostProcessors (for example: not eligible for auto-proxying)
2021-12-30 09:10:27 Tomcat initialized with port(s): 8080 (http)
2021-12-30 09:10:27 Initializing ProtocolHandler ["http-nio-8080"]
2021-12-30 09:10:27 Starting service [Tomcat]
2021-12-30 09:10:27 Starting Servlet engine: [Apache Tomcat/9.0.41]
2021-12-30 09:10:27 Initializing Spring embedded WebApplicationContext
2021-12-30 09:10:27 Root WebApplicationContext: initialization completed in 413 ms
2021-12-30 09:10:27 Autowired annotation should only be used on methods with parameters: public java.util.Map com.hims.serviceImpl.AdminServiceImpl.getPatientTable()
2021-12-30 09:10:27 Autowired annotation should only be used on methods with parameters: public java.util.Map com.hims.serviceImpl.AdminServiceImpl.getDoctorTable()
2021-12-30 09:10:28 HikariPool-3 - Starting...
2021-12-30 09:10:28 HikariPool-3 - Start completed.
2021-12-30 09:10:28 Mapped URL path [/v2/api-docs] onto method [springfox.documentation.swagger2.web.Swagger2Controller#getDocumentation(String, HttpServletRequest)]
2021-12-30 09:10:28 

Using generated security password: cd2f5a85-ab45-4fa2-b68d-eb4073bf0f42

2021-12-30 09:10:28 Will secure any request with [org.springframework.security.web.context.request.async.WebAsyncManagerIntegrationFilter@6ced4659, org.springframework.security.web.context.SecurityContextPersistenceFilter@692be6e, org.springframework.security.web.header.HeaderWriterFilter@6534f46e, org.springframework.security.web.authentication.logout.LogoutFilter@6d1dcd41, org.springframework.security.web.savedrequest.RequestCacheAwareFilter@116f2efc, org.springframework.security.web.servletapi.SecurityContextHolderAwareRequestFilter@533a3f3b, org.springframework.security.web.authentication.AnonymousAuthenticationFilter@a32485f, org.springframework.security.web.session.SessionManagementFilter@78fab050, org.springframework.security.web.access.ExceptionTranslationFilter@4abbaa3a, org.springframework.security.web.access.intercept.FilterSecurityInterceptor@15b8b24]
2021-12-30 09:10:28 Initializing ExecutorService 'applicationTaskExecutor'
2021-12-30 09:10:28 LiveReload server is running on port 35729
2021-12-30 09:10:28 Starting ProtocolHandler ["http-nio-8080"]
2021-12-30 09:10:28 Tomcat started on port(s): 8080 (http) with context path ''
2021-12-30 09:10:28 Context refreshed
2021-12-30 09:10:28 Found 1 custom documentation plugin(s)
2021-12-30 09:10:28 Scanning for api listing references
2021-12-30 09:10:28 Started HimsApplication in 0.991 seconds (JVM running for 216.793)
2021-12-30 09:10:28 Condition evaluation unchanged
2021-12-30 09:10:30 Shutting down ExecutorService 'applicationTaskExecutor'
2021-12-30 09:10:30 HikariPool-3 - Shutdown initiated...
2021-12-30 09:10:30 HikariPool-3 - Shutdown completed.
2021-12-30 09:10:31 Starting HimsApplication using Java 1.8.0_312 on NOCTLI-MB0 with PID 62752 (/Users/lizongjia/Desktop/数据库大作业/DB-Practice/hims-backend/target/classes started by lizongjia in /Users/lizongjia/Desktop/数据库大作业/DB-Practice)
2021-12-30 09:10:31 No active profile set, falling back to default profiles: default
2021-12-30 09:10:31 Bean 'org.springframework.security.access.expression.method.DefaultMethodSecurityExpressionHandler@606ff3b6' of type [org.springframework.security.access.expression.method.DefaultMethodSecurityExpressionHandler] is not eligible for getting processed by all BeanPostProcessors (for example: not eligible for auto-proxying)
2021-12-30 09:10:31 Bean 'methodSecurityMetadataSource' of type [org.springframework.security.access.method.DelegatingMethodSecurityMetadataSource] is not eligible for getting processed by all BeanPostProcessors (for example: not eligible for auto-proxying)
2021-12-30 09:10:31 Tomcat initialized with port(s): 8080 (http)
2021-12-30 09:10:31 Initializing ProtocolHandler ["http-nio-8080"]
2021-12-30 09:10:31 Starting service [Tomcat]
2021-12-30 09:10:31 Starting Servlet engine: [Apache Tomcat/9.0.41]
2021-12-30 09:10:31 Initializing Spring embedded WebApplicationContext
2021-12-30 09:10:31 Root WebApplicationContext: initialization completed in 248 ms
2021-12-30 09:10:31 Autowired annotation should only be used on methods with parameters: public java.util.Map com.hims.serviceImpl.AdminServiceImpl.getPatientTable()
2021-12-30 09:10:31 Autowired annotation should only be used on methods with parameters: public java.util.Map com.hims.serviceImpl.AdminServiceImpl.getDoctorTable()
2021-12-30 09:10:31 HikariPool-4 - Starting...
2021-12-30 09:10:31 HikariPool-4 - Start completed.
2021-12-30 09:10:31 Mapped URL path [/v2/api-docs] onto method [springfox.documentation.swagger2.web.Swagger2Controller#getDocumentation(String, HttpServletRequest)]
2021-12-30 09:10:31 

Using generated security password: 7c52c579-47c6-4275-8c51-cf4b2ade530a

2021-12-30 09:10:31 Will secure any request with [org.springframework.security.web.context.request.async.WebAsyncManagerIntegrationFilter@49329841, org.springframework.security.web.context.SecurityContextPersistenceFilter@7db236ff, org.springframework.security.web.header.HeaderWriterFilter@5fc32d92, org.springframework.security.web.authentication.logout.LogoutFilter@1d2e491f, org.springframework.security.web.savedrequest.RequestCacheAwareFilter@757ae5c0, org.springframework.security.web.servletapi.SecurityContextHolderAwareRequestFilter@3393f940, org.springframework.security.web.authentication.AnonymousAuthenticationFilter@30806e1e, org.springframework.security.web.session.SessionManagementFilter@217c6d41, org.springframework.security.web.access.ExceptionTranslationFilter@2d64b495, org.springframework.security.web.access.intercept.FilterSecurityInterceptor@314e09e4]
2021-12-30 09:10:31 Initializing ExecutorService 'applicationTaskExecutor'
2021-12-30 09:10:31 LiveReload server is running on port 35729
2021-12-30 09:10:31 Starting ProtocolHandler ["http-nio-8080"]
2021-12-30 09:10:31 Tomcat started on port(s): 8080 (http) with context path ''
2021-12-30 09:10:31 Context refreshed
2021-12-30 09:10:31 Found 1 custom documentation plugin(s)
2021-12-30 09:10:31 Scanning for api listing references
2021-12-30 09:10:31 Started HimsApplication in 0.581 seconds (JVM running for 219.961)
2021-12-30 09:10:31 Condition evaluation unchanged
2021-12-30 09:16:42 Shutting down ExecutorService 'applicationTaskExecutor'
2021-12-30 09:16:42 HikariPool-4 - Shutdown initiated...
2021-12-30 09:16:42 HikariPool-4 - Shutdown completed.
2021-12-30 09:16:42 Starting HimsApplication using Java 1.8.0_312 on NOCTLI-MB0 with PID 62752 (/Users/lizongjia/Desktop/数据库大作业/DB-Practice/hims-backend/target/classes started by lizongjia in /Users/lizongjia/Desktop/数据库大作业/DB-Practice)
2021-12-30 09:16:42 No active profile set, falling back to default profiles: default
2021-12-30 09:16:42 Bean 'org.springframework.security.access.expression.method.DefaultMethodSecurityExpressionHandler@3fb097b' of type [org.springframework.security.access.expression.method.DefaultMethodSecurityExpressionHandler] is not eligible for getting processed by all BeanPostProcessors (for example: not eligible for auto-proxying)
2021-12-30 09:16:42 Bean 'methodSecurityMetadataSource' of type [org.springframework.security.access.method.DelegatingMethodSecurityMetadataSource] is not eligible for getting processed by all BeanPostProcessors (for example: not eligible for auto-proxying)
2021-12-30 09:16:42 Tomcat initialized with port(s): 8080 (http)
2021-12-30 09:16:42 Initializing ProtocolHandler ["http-nio-8080"]
2021-12-30 09:16:42 Starting service [Tomcat]
2021-12-30 09:16:42 Starting Servlet engine: [Apache Tomcat/9.0.41]
2021-12-30 09:16:42 Initializing Spring embedded WebApplicationContext
2021-12-30 09:16:42 Root WebApplicationContext: initialization completed in 243 ms
2021-12-30 09:16:42 Autowired annotation should only be used on methods with parameters: public java.util.Map com.hims.serviceImpl.AdminServiceImpl.getPatientTable()
2021-12-30 09:16:42 Autowired annotation should only be used on methods with parameters: public java.util.Map com.hims.serviceImpl.AdminServiceImpl.getDoctorTable()
2021-12-30 09:16:42 HikariPool-5 - Starting...
2021-12-30 09:16:42 HikariPool-5 - Start completed.
2021-12-30 09:16:42 Mapped URL path [/v2/api-docs] onto method [springfox.documentation.swagger2.web.Swagger2Controller#getDocumentation(String, HttpServletRequest)]
2021-12-30 09:16:42 

Using generated security password: 8f8b106c-d16f-4f5f-872e-14ed7ba3392d

2021-12-30 09:16:42 Will secure any request with [org.springframework.security.web.context.request.async.WebAsyncManagerIntegrationFilter@4e58b17d, org.springframework.security.web.context.SecurityContextPersistenceFilter@167e7ff2, org.springframework.security.web.header.HeaderWriterFilter@6dcaa5b6, org.springframework.security.web.authentication.logout.LogoutFilter@279b4a93, org.springframework.security.web.savedrequest.RequestCacheAwareFilter@7c971126, org.springframework.security.web.servletapi.SecurityContextHolderAwareRequestFilter@4448fc17, org.springframework.security.web.authentication.AnonymousAuthenticationFilter@7a8c390b, org.springframework.security.web.session.SessionManagementFilter@44f84926, org.springframework.security.web.access.ExceptionTranslationFilter@c7cdfe4, org.springframework.security.web.access.intercept.FilterSecurityInterceptor@267aa69c]
2021-12-30 09:16:42 Initializing ExecutorService 'applicationTaskExecutor'
2021-12-30 09:16:42 LiveReload server is running on port 35729
2021-12-30 09:16:42 Starting ProtocolHandler ["http-nio-8080"]
2021-12-30 09:16:42 Tomcat started on port(s): 8080 (http) with context path ''
2021-12-30 09:16:42 Context refreshed
2021-12-30 09:16:42 Found 1 custom documentation plugin(s)
2021-12-30 09:16:42 Scanning for api listing references
2021-12-30 09:16:42 Started HimsApplication in 0.668 seconds (JVM running for 591.27)
2021-12-30 09:16:42 Condition evaluation unchanged
2021-12-30 09:17:17 Initializing Spring DispatcherServlet 'dispatcherServlet'
2021-12-30 09:17:17 Initializing Servlet 'dispatcherServlet'
2021-12-30 09:17:17 Completed initialization in 1 ms
2021-12-30 09:18:00 Shutting down ExecutorService 'applicationTaskExecutor'
2021-12-30 09:18:00 HikariPool-5 - Shutdown initiated...
2021-12-30 09:18:00 HikariPool-5 - Shutdown completed.
2021-12-30 09:18:00 Starting HimsApplication using Java 1.8.0_312 on NOCTLI-MB0 with PID 62752 (/Users/lizongjia/Desktop/数据库大作业/DB-Practice/hims-backend/target/classes started by lizongjia in /Users/lizongjia/Desktop/数据库大作业/DB-Practice)
2021-12-30 09:18:00 No active profile set, falling back to default profiles: default
2021-12-30 09:18:00 Bean 'org.springframework.security.access.expression.method.DefaultMethodSecurityExpressionHandler@6b2d85b1' of type [org.springframework.security.access.expression.method.DefaultMethodSecurityExpressionHandler] is not eligible for getting processed by all BeanPostProcessors (for example: not eligible for auto-proxying)
2021-12-30 09:18:00 Bean 'methodSecurityMetadataSource' of type [org.springframework.security.access.method.DelegatingMethodSecurityMetadataSource] is not eligible for getting processed by all BeanPostProcessors (for example: not eligible for auto-proxying)
2021-12-30 09:18:00 Tomcat initialized with port(s): 8080 (http)
2021-12-30 09:18:00 Initializing ProtocolHandler ["http-nio-8080"]
2021-12-30 09:18:00 Starting service [Tomcat]
2021-12-30 09:18:00 Starting Servlet engine: [Apache Tomcat/9.0.41]
2021-12-30 09:18:00 Initializing Spring embedded WebApplicationContext
2021-12-30 09:18:00 Root WebApplicationContext: initialization completed in 218 ms
2021-12-30 09:18:00 Autowired annotation should only be used on methods with parameters: public java.util.Map com.hims.serviceImpl.AdminServiceImpl.getPatientTable()
2021-12-30 09:18:00 Autowired annotation should only be used on methods with parameters: public java.util.Map com.hims.serviceImpl.AdminServiceImpl.getDoctorTable()
2021-12-30 09:18:01 HikariPool-6 - Starting...
2021-12-30 09:18:01 HikariPool-6 - Start completed.
2021-12-30 09:18:01 Mapped URL path [/v2/api-docs] onto method [springfox.documentation.swagger2.web.Swagger2Controller#getDocumentation(String, HttpServletRequest)]
2021-12-30 09:18:01 

Using generated security password: a1cfe571-f6a2-4cf8-95b2-346766240834

2021-12-30 09:18:01 Will secure any request with [org.springframework.security.web.context.request.async.WebAsyncManagerIntegrationFilter@34e4dea1, org.springframework.security.web.context.SecurityContextPersistenceFilter@316de88f, org.springframework.security.web.header.HeaderWriterFilter@10ead21d, org.springframework.security.web.authentication.logout.LogoutFilter@2ea94d76, org.springframework.security.web.savedrequest.RequestCacheAwareFilter@513471f6, org.springframework.security.web.servletapi.SecurityContextHolderAwareRequestFilter@17882bf7, org.springframework.security.web.authentication.AnonymousAuthenticationFilter@35ef4fdc, org.springframework.security.web.session.SessionManagementFilter@4d254296, org.springframework.security.web.access.ExceptionTranslationFilter@150ea6e2, org.springframework.security.web.access.intercept.FilterSecurityInterceptor@694db58e]
2021-12-30 09:18:01 Initializing ExecutorService 'applicationTaskExecutor'
2021-12-30 09:18:01 LiveReload server is running on port 35729
2021-12-30 09:18:01 Starting ProtocolHandler ["http-nio-8080"]
2021-12-30 09:18:01 Tomcat started on port(s): 8080 (http) with context path ''
2021-12-30 09:18:01 Context refreshed
2021-12-30 09:18:01 Found 1 custom documentation plugin(s)
2021-12-30 09:18:01 Scanning for api listing references
2021-12-30 09:18:01 Started HimsApplication in 0.959 seconds (JVM running for 669.557)
2021-12-30 09:18:01 Condition evaluation unchanged
2021-12-30 09:18:42 Initializing Spring DispatcherServlet 'dispatcherServlet'
2021-12-30 09:18:42 Initializing Servlet 'dispatcherServlet'
2021-12-30 09:18:42 Completed initialization in 1 ms
2021-12-30 09:20:13 Shutting down ExecutorService 'applicationTaskExecutor'
2021-12-30 09:20:13 HikariPool-6 - Shutdown initiated...
2021-12-30 09:20:13 HikariPool-6 - Shutdown completed.
2021-12-30 09:22:33 Starting HimsApplication using Java 1.8.0_312 on NOCTLI-MB0 with PID 66073 (/Users/lizongjia/Desktop/数据库大作业/DB-Practice/hims-backend/target/classes started by lizongjia in /Users/lizongjia/Desktop/数据库大作业/DB-Practice)
2021-12-30 09:22:33 No active profile set, falling back to default profiles: default
2021-12-30 09:22:33 Devtools property defaults active! Set 'spring.devtools.add-properties' to 'false' to disable
2021-12-30 09:22:33 For additional web related logging consider setting the 'logging.level.web' property to 'DEBUG'
2021-12-30 09:22:34 Bean 'org.springframework.security.access.expression.method.DefaultMethodSecurityExpressionHandler@4c679283' of type [org.springframework.security.access.expression.method.DefaultMethodSecurityExpressionHandler] is not eligible for getting processed by all BeanPostProcessors (for example: not eligible for auto-proxying)
2021-12-30 09:22:34 Bean 'methodSecurityMetadataSource' of type [org.springframework.security.access.method.DelegatingMethodSecurityMetadataSource] is not eligible for getting processed by all BeanPostProcessors (for example: not eligible for auto-proxying)
2021-12-30 09:22:35 Tomcat initialized with port(s): 8080 (http)
2021-12-30 09:22:35 Initializing ProtocolHandler ["http-nio-8080"]
2021-12-30 09:22:35 Starting service [Tomcat]
2021-12-30 09:22:35 Starting Servlet engine: [Apache Tomcat/9.0.41]
2021-12-30 09:22:35 Initializing Spring embedded WebApplicationContext
2021-12-30 09:22:35 Root WebApplicationContext: initialization completed in 1230 ms
2021-12-30 09:22:35 Autowired annotation should only be used on methods with parameters: public java.util.Map com.hims.serviceImpl.AdminServiceImpl.getPatientTable()
2021-12-30 09:22:35 Autowired annotation should only be used on methods with parameters: public java.util.Map com.hims.serviceImpl.AdminServiceImpl.getDoctorTable()
2021-12-30 09:22:35 HikariPool-1 - Starting...
2021-12-30 09:22:35 HikariPool-1 - Start completed.
2021-12-30 09:22:36 Mapped URL path [/v2/api-docs] onto method [springfox.documentation.swagger2.web.Swagger2Controller#getDocumentation(String, HttpServletRequest)]
2021-12-30 09:22:36 

Using generated security password: 9ac51ed0-8089-46a6-b49e-1eda2cd1acae

2021-12-30 09:22:36 Will secure any request with [org.springframework.security.web.context.request.async.WebAsyncManagerIntegrationFilter@606d2ff, org.springframework.security.web.context.SecurityContextPersistenceFilter@3bfcc4a7, org.springframework.security.web.header.HeaderWriterFilter@37c2dff1, org.springframework.security.web.authentication.logout.LogoutFilter@a431860, org.springframework.security.web.savedrequest.RequestCacheAwareFilter@2e43149e, org.springframework.security.web.servletapi.SecurityContextHolderAwareRequestFilter@3039496e, org.springframework.security.web.authentication.AnonymousAuthenticationFilter@5acb34f8, org.springframework.security.web.session.SessionManagementFilter@52f16907, org.springframework.security.web.access.ExceptionTranslationFilter@37710e31, org.springframework.security.web.access.intercept.FilterSecurityInterceptor@24c12726]
2021-12-30 09:22:36 Initializing ExecutorService 'applicationTaskExecutor'
2021-12-30 09:22:36 LiveReload server is running on port 35729
2021-12-30 09:22:36 Starting ProtocolHandler ["http-nio-8080"]
2021-12-30 09:22:36 Tomcat started on port(s): 8080 (http) with context path ''
2021-12-30 09:22:36 Context refreshed
2021-12-30 09:22:36 Found 1 custom documentation plugin(s)
2021-12-30 09:22:36 Scanning for api listing references
2021-12-30 09:22:36 Started HimsApplication in 3.497 seconds (JVM running for 3.983)
2021-12-30 09:22:41 Initializing Spring DispatcherServlet 'dispatcherServlet'
2021-12-30 09:22:41 Initializing Servlet 'dispatcherServlet'
2021-12-30 09:22:41 Completed initialization in 1 ms
2021-12-30 10:02:52 Shutting down ExecutorService 'applicationTaskExecutor'
2021-12-30 10:02:52 HikariPool-1 - Shutdown initiated...
2021-12-30 10:02:52 HikariPool-1 - Shutdown completed.
2021-12-30 10:02:52 Starting HimsApplication using Java 1.8.0_312 on NOCTLI-MB0 with PID 66073 (/Users/lizongjia/Desktop/数据库大作业/DB-Practice/hims-backend/target/classes started by lizongjia in /Users/lizongjia/Desktop/数据库大作业/DB-Practice)
2021-12-30 10:02:52 No active profile set, falling back to default profiles: default
2021-12-30 10:02:52 Bean 'org.springframework.security.access.expression.method.DefaultMethodSecurityExpressionHandler@2c9e922c' of type [org.springframework.security.access.expression.method.DefaultMethodSecurityExpressionHandler] is not eligible for getting processed by all BeanPostProcessors (for example: not eligible for auto-proxying)
2021-12-30 10:02:52 Bean 'methodSecurityMetadataSource' of type [org.springframework.security.access.method.DelegatingMethodSecurityMetadataSource] is not eligible for getting processed by all BeanPostProcessors (for example: not eligible for auto-proxying)
2021-12-30 10:02:52 Tomcat initialized with port(s): 8080 (http)
2021-12-30 10:02:52 Initializing ProtocolHandler ["http-nio-8080"]
2021-12-30 10:02:52 Starting service [Tomcat]
2021-12-30 10:02:52 Starting Servlet engine: [Apache Tomcat/9.0.41]
2021-12-30 10:02:52 Initializing Spring embedded WebApplicationContext
2021-12-30 10:02:52 Root WebApplicationContext: initialization completed in 470 ms
2021-12-30 10:02:52 Autowired annotation should only be used on methods with parameters: public java.util.Map com.hims.serviceImpl.AdminServiceImpl.getPatientTable()
2021-12-30 10:02:52 Autowired annotation should only be used on methods with parameters: public java.util.Map com.hims.serviceImpl.AdminServiceImpl.getDoctorTable()
2021-12-30 10:02:52 HikariPool-2 - Starting...
2021-12-30 10:02:52 HikariPool-2 - Start completed.
2021-12-30 10:02:53 Mapped URL path [/v2/api-docs] onto method [springfox.documentation.swagger2.web.Swagger2Controller#getDocumentation(String, HttpServletRequest)]
2021-12-30 10:02:53 

Using generated security password: 3c33ad8d-8d0b-43fd-b7ee-7c1642faa63a

2021-12-30 10:02:53 Will secure any request with [org.springframework.security.web.context.request.async.WebAsyncManagerIntegrationFilter@5767a261, org.springframework.security.web.context.SecurityContextPersistenceFilter@3a64d232, org.springframework.security.web.header.HeaderWriterFilter@29e74c41, org.springframework.security.web.authentication.logout.LogoutFilter@4c7cb58c, org.springframework.security.web.savedrequest.RequestCacheAwareFilter@3b6b9d9, org.springframework.security.web.servletapi.SecurityContextHolderAwareRequestFilter@102068aa, org.springframework.security.web.authentication.AnonymousAuthenticationFilter@195658ed, org.springframework.security.web.session.SessionManagementFilter@390f2f47, org.springframework.security.web.access.ExceptionTranslationFilter@29521730, org.springframework.security.web.access.intercept.FilterSecurityInterceptor@3817d725]
2021-12-30 10:02:53 Initializing ExecutorService 'applicationTaskExecutor'
2021-12-30 10:02:53 LiveReload server is running on port 35729
2021-12-30 10:02:53 Starting ProtocolHandler ["http-nio-8080"]
2021-12-30 10:02:53 Tomcat started on port(s): 8080 (http) with context path ''
2021-12-30 10:02:53 Context refreshed
2021-12-30 10:02:53 Found 1 custom documentation plugin(s)
2021-12-30 10:02:53 Scanning for api listing references
2021-12-30 10:02:53 Started HimsApplication in 1.04 seconds (JVM running for 2420.332)
2021-12-30 10:02:53 Condition evaluation unchanged
2021-12-30 10:03:40 Shutting down ExecutorService 'applicationTaskExecutor'
2021-12-30 10:03:40 HikariPool-2 - Shutdown initiated...
2021-12-30 10:03:40 HikariPool-2 - Shutdown completed.
2021-12-30 10:03:40 Starting HimsApplication using Java 1.8.0_312 on NOCTLI-MB0 with PID 66073 (/Users/lizongjia/Desktop/数据库大作业/DB-Practice/hims-backend/target/classes started by lizongjia in /Users/lizongjia/Desktop/数据库大作业/DB-Practice)
2021-12-30 10:03:40 No active profile set, falling back to default profiles: default
2021-12-30 10:03:40 Bean 'org.springframework.security.access.expression.method.DefaultMethodSecurityExpressionHandler@631daec1' of type [org.springframework.security.access.expression.method.DefaultMethodSecurityExpressionHandler] is not eligible for getting processed by all BeanPostProcessors (for example: not eligible for auto-proxying)
2021-12-30 10:03:40 Bean 'methodSecurityMetadataSource' of type [org.springframework.security.access.method.DelegatingMethodSecurityMetadataSource] is not eligible for getting processed by all BeanPostProcessors (for example: not eligible for auto-proxying)
2021-12-30 10:03:40 Tomcat initialized with port(s): 8080 (http)
2021-12-30 10:03:40 Initializing ProtocolHandler ["http-nio-8080"]
2021-12-30 10:03:40 Starting service [Tomcat]
2021-12-30 10:03:40 Starting Servlet engine: [Apache Tomcat/9.0.41]
2021-12-30 10:03:41 Initializing Spring embedded WebApplicationContext
2021-12-30 10:03:41 Root WebApplicationContext: initialization completed in 350 ms
2021-12-30 10:03:41 Autowired annotation should only be used on methods with parameters: public java.util.Map com.hims.serviceImpl.AdminServiceImpl.getPatientTable()
2021-12-30 10:03:41 Autowired annotation should only be used on methods with parameters: public java.util.Map com.hims.serviceImpl.AdminServiceImpl.getDoctorTable()
2021-12-30 10:03:41 HikariPool-3 - Starting...
2021-12-30 10:03:41 HikariPool-3 - Start completed.
2021-12-30 10:03:41 Mapped URL path [/v2/api-docs] onto method [springfox.documentation.swagger2.web.Swagger2Controller#getDocumentation(String, HttpServletRequest)]
2021-12-30 10:03:41 

Using generated security password: 644e74cb-048e-454e-9f8f-3b5ca3a32390

2021-12-30 10:03:41 Will secure any request with [org.springframework.security.web.context.request.async.WebAsyncManagerIntegrationFilter@2adb5316, org.springframework.security.web.context.SecurityContextPersistenceFilter@d5c2516, org.springframework.security.web.header.HeaderWriterFilter@6ba0a229, org.springframework.security.web.authentication.logout.LogoutFilter@3e9abf38, org.springframework.security.web.savedrequest.RequestCacheAwareFilter@1f84a02f, org.springframework.security.web.servletapi.SecurityContextHolderAwareRequestFilter@715be81c, org.springframework.security.web.authentication.AnonymousAuthenticationFilter@7d2e4d7, org.springframework.security.web.session.SessionManagementFilter@54bee894, org.springframework.security.web.access.ExceptionTranslationFilter@733c3ecc, org.springframework.security.web.access.intercept.FilterSecurityInterceptor@1fd5b20]
2021-12-30 10:03:41 Initializing ExecutorService 'applicationTaskExecutor'
2021-12-30 10:03:41 LiveReload server is running on port 35729
2021-12-30 10:03:41 Starting ProtocolHandler ["http-nio-8080"]
2021-12-30 10:03:41 Tomcat started on port(s): 8080 (http) with context path ''
2021-12-30 10:03:41 Context refreshed
2021-12-30 10:03:41 Found 1 custom documentation plugin(s)
2021-12-30 10:03:41 Scanning for api listing references
2021-12-30 10:03:41 Started HimsApplication in 1.093 seconds (JVM running for 2468.403)
2021-12-30 10:03:41 Condition evaluation unchanged
2021-12-30 10:04:53 Shutting down ExecutorService 'applicationTaskExecutor'
2021-12-30 10:04:53 HikariPool-3 - Shutdown initiated...
2021-12-30 10:04:53 HikariPool-3 - Shutdown completed.
2021-12-30 10:04:53 Starting HimsApplication using Java 1.8.0_312 on NOCTLI-MB0 with PID 66073 (/Users/lizongjia/Desktop/数据库大作业/DB-Practice/hims-backend/target/classes started by lizongjia in /Users/lizongjia/Desktop/数据库大作业/DB-Practice)
2021-12-30 10:04:53 No active profile set, falling back to default profiles: default
2021-12-30 10:04:53 Bean 'org.springframework.security.access.expression.method.DefaultMethodSecurityExpressionHandler@7ffc5b80' of type [org.springframework.security.access.expression.method.DefaultMethodSecurityExpressionHandler] is not eligible for getting processed by all BeanPostProcessors (for example: not eligible for auto-proxying)
2021-12-30 10:04:53 Bean 'methodSecurityMetadataSource' of type [org.springframework.security.access.method.DelegatingMethodSecurityMetadataSource] is not eligible for getting processed by all BeanPostProcessors (for example: not eligible for auto-proxying)
2021-12-30 10:04:53 Tomcat initialized with port(s): 8080 (http)
2021-12-30 10:04:53 Initializing ProtocolHandler ["http-nio-8080"]
2021-12-30 10:04:53 Starting service [Tomcat]
2021-12-30 10:04:53 Starting Servlet engine: [Apache Tomcat/9.0.41]
2021-12-30 10:04:53 Initializing Spring embedded WebApplicationContext
2021-12-30 10:04:53 Root WebApplicationContext: initialization completed in 328 ms
2021-12-30 10:04:53 Autowired annotation should only be used on methods with parameters: public java.util.Map com.hims.serviceImpl.AdminServiceImpl.getPatientTable()
2021-12-30 10:04:53 Autowired annotation should only be used on methods with parameters: public java.util.Map com.hims.serviceImpl.AdminServiceImpl.getDoctorTable()
2021-12-30 10:04:54 HikariPool-4 - Starting...
2021-12-30 10:04:54 HikariPool-4 - Start completed.
2021-12-30 10:04:54 Mapped URL path [/v2/api-docs] onto method [springfox.documentation.swagger2.web.Swagger2Controller#getDocumentation(String, HttpServletRequest)]
2021-12-30 10:04:54 

Using generated security password: e696bd18-181f-41c5-89c6-71e36d96b0de

2021-12-30 10:04:54 Will secure any request with [org.springframework.security.web.context.request.async.WebAsyncManagerIntegrationFilter@729738a1, org.springframework.security.web.context.SecurityContextPersistenceFilter@48d71df2, org.springframework.security.web.header.HeaderWriterFilter@4a5428a, org.springframework.security.web.authentication.logout.LogoutFilter@a1273f7, org.springframework.security.web.savedrequest.RequestCacheAwareFilter@1738c661, org.springframework.security.web.servletapi.SecurityContextHolderAwareRequestFilter@39a7771e, org.springframework.security.web.authentication.AnonymousAuthenticationFilter@215a06d, org.springframework.security.web.session.SessionManagementFilter@6805677e, org.springframework.security.web.access.ExceptionTranslationFilter@62e7aafb, org.springframework.security.web.access.intercept.FilterSecurityInterceptor@6c79b253]
2021-12-30 10:04:54 Initializing ExecutorService 'applicationTaskExecutor'
2021-12-30 10:04:54 LiveReload server is running on port 35729
2021-12-30 10:04:54 Starting ProtocolHandler ["http-nio-8080"]
2021-12-30 10:04:54 Tomcat started on port(s): 8080 (http) with context path ''
2021-12-30 10:04:54 Context refreshed
2021-12-30 10:04:54 Found 1 custom documentation plugin(s)
2021-12-30 10:04:54 Scanning for api listing references
2021-12-30 10:04:54 Started HimsApplication in 0.66 seconds (JVM running for 2541.258)
2021-12-30 10:04:54 Condition evaluation unchanged
2021-12-30 10:05:45 Shutting down ExecutorService 'applicationTaskExecutor'
2021-12-30 10:05:45 HikariPool-4 - Shutdown initiated...
2021-12-30 10:05:45 HikariPool-4 - Shutdown completed.
2021-12-30 10:05:45 Starting HimsApplication using Java 1.8.0_312 on NOCTLI-MB0 with PID 66073 (/Users/lizongjia/Desktop/数据库大作业/DB-Practice/hims-backend/target/classes started by lizongjia in /Users/lizongjia/Desktop/数据库大作业/DB-Practice)
2021-12-30 10:05:45 No active profile set, falling back to default profiles: default
2021-12-30 10:05:45 Bean 'org.springframework.security.access.expression.method.DefaultMethodSecurityExpressionHandler@19f5f096' of type [org.springframework.security.access.expression.method.DefaultMethodSecurityExpressionHandler] is not eligible for getting processed by all BeanPostProcessors (for example: not eligible for auto-proxying)
2021-12-30 10:05:45 Bean 'methodSecurityMetadataSource' of type [org.springframework.security.access.method.DelegatingMethodSecurityMetadataSource] is not eligible for getting processed by all BeanPostProcessors (for example: not eligible for auto-proxying)
2021-12-30 10:05:45 Tomcat initialized with port(s): 8080 (http)
2021-12-30 10:05:45 Initializing ProtocolHandler ["http-nio-8080"]
2021-12-30 10:05:45 Starting service [Tomcat]
2021-12-30 10:05:45 Starting Servlet engine: [Apache Tomcat/9.0.41]
2021-12-30 10:05:45 Initializing Spring embedded WebApplicationContext
2021-12-30 10:05:45 Root WebApplicationContext: initialization completed in 235 ms
2021-12-30 10:05:46 Autowired annotation should only be used on methods with parameters: public java.util.Map com.hims.serviceImpl.AdminServiceImpl.getPatientTable()
2021-12-30 10:05:46 Autowired annotation should only be used on methods with parameters: public java.util.Map com.hims.serviceImpl.AdminServiceImpl.getDoctorTable()
2021-12-30 10:05:46 HikariPool-5 - Starting...
2021-12-30 10:05:46 HikariPool-5 - Start completed.
2021-12-30 10:05:46 Mapped URL path [/v2/api-docs] onto method [springfox.documentation.swagger2.web.Swagger2Controller#getDocumentation(String, HttpServletRequest)]
2021-12-30 10:05:46 

Using generated security password: ae090070-7918-4fdf-9bbc-9ab0bd66fc00

2021-12-30 10:05:46 Will secure any request with [org.springframework.security.web.context.request.async.WebAsyncManagerIntegrationFilter@76d4153b, org.springframework.security.web.context.SecurityContextPersistenceFilter@68fbc172, org.springframework.security.web.header.HeaderWriterFilter@484a40d7, org.springframework.security.web.authentication.logout.LogoutFilter@2dd4764d, org.springframework.security.web.savedrequest.RequestCacheAwareFilter@4a3417a5, org.springframework.security.web.servletapi.SecurityContextHolderAwareRequestFilter@4a303547, org.springframework.security.web.authentication.AnonymousAuthenticationFilter@485a7972, org.springframework.security.web.session.SessionManagementFilter@28af3b96, org.springframework.security.web.access.ExceptionTranslationFilter@41dd4997, org.springframework.security.web.access.intercept.FilterSecurityInterceptor@f31350d]
2021-12-30 10:05:46 Initializing ExecutorService 'applicationTaskExecutor'
2021-12-30 10:05:46 LiveReload server is running on port 35729
2021-12-30 10:05:46 Starting ProtocolHandler ["http-nio-8080"]
2021-12-30 10:05:46 Tomcat started on port(s): 8080 (http) with context path ''
2021-12-30 10:05:46 Context refreshed
2021-12-30 10:05:46 Found 1 custom documentation plugin(s)
2021-12-30 10:05:46 Scanning for api listing references
2021-12-30 10:05:46 Started HimsApplication in 0.963 seconds (JVM running for 2593.268)
2021-12-30 10:05:46 Condition evaluation unchanged
2021-12-30 10:12:17 Shutting down ExecutorService 'applicationTaskExecutor'
2021-12-30 10:12:17 HikariPool-5 - Shutdown initiated...
2021-12-30 10:12:17 HikariPool-5 - Shutdown completed.
2021-12-30 10:12:17 Starting HimsApplication using Java 1.8.0_312 on NOCTLI-MB0 with PID 66073 (/Users/lizongjia/Desktop/数据库大作业/DB-Practice/hims-backend/target/classes started by lizongjia in /Users/lizongjia/Desktop/数据库大作业/DB-Practice)
2021-12-30 10:12:17 No active profile set, falling back to default profiles: default
2021-12-30 10:12:17 Bean 'org.springframework.security.access.expression.method.DefaultMethodSecurityExpressionHandler@7b28e950' of type [org.springframework.security.access.expression.method.DefaultMethodSecurityExpressionHandler] is not eligible for getting processed by all BeanPostProcessors (for example: not eligible for auto-proxying)
2021-12-30 10:12:17 Bean 'methodSecurityMetadataSource' of type [org.springframework.security.access.method.DelegatingMethodSecurityMetadataSource] is not eligible for getting processed by all BeanPostProcessors (for example: not eligible for auto-proxying)
2021-12-30 10:12:18 Tomcat initialized with port(s): 8080 (http)
2021-12-30 10:12:18 Initializing ProtocolHandler ["http-nio-8080"]
2021-12-30 10:12:18 Starting service [Tomcat]
2021-12-30 10:12:18 Starting Servlet engine: [Apache Tomcat/9.0.41]
2021-12-30 10:12:18 Initializing Spring embedded WebApplicationContext
2021-12-30 10:12:18 Root WebApplicationContext: initialization completed in 297 ms
2021-12-30 10:12:18 Autowired annotation should only be used on methods with parameters: public java.util.Map com.hims.serviceImpl.AdminServiceImpl.getPatientTable()
2021-12-30 10:12:18 Autowired annotation should only be used on methods with parameters: public java.util.Map com.hims.serviceImpl.AdminServiceImpl.getDoctorTable()
2021-12-30 10:12:18 HikariPool-6 - Starting...
2021-12-30 10:12:18 HikariPool-6 - Start completed.
2021-12-30 10:12:18 Mapped URL path [/v2/api-docs] onto method [springfox.documentation.swagger2.web.Swagger2Controller#getDocumentation(String, HttpServletRequest)]
2021-12-30 10:12:18 

Using generated security password: 7407a2dc-d63c-46a8-96dd-ba16bcc6d775

2021-12-30 10:12:18 Will secure any request with [org.springframework.security.web.context.request.async.WebAsyncManagerIntegrationFilter@44cc9ef7, org.springframework.security.web.context.SecurityContextPersistenceFilter@66cf595b, org.springframework.security.web.header.HeaderWriterFilter@6e91d13a, org.springframework.security.web.authentication.logout.LogoutFilter@5ed39713, org.springframework.security.web.savedrequest.RequestCacheAwareFilter@36e7c96d, org.springframework.security.web.servletapi.SecurityContextHolderAwareRequestFilter@569fd68a, org.springframework.security.web.authentication.AnonymousAuthenticationFilter@1b51caa7, org.springframework.security.web.session.SessionManagementFilter@2bb7eedf, org.springframework.security.web.access.ExceptionTranslationFilter@1598bc0b, org.springframework.security.web.access.intercept.FilterSecurityInterceptor@2ed95d80]
2021-12-30 10:12:18 Initializing ExecutorService 'applicationTaskExecutor'
2021-12-30 10:12:18 LiveReload server is running on port 35729
2021-12-30 10:12:18 Starting ProtocolHandler ["http-nio-8080"]
2021-12-30 10:12:18 Tomcat started on port(s): 8080 (http) with context path ''
2021-12-30 10:12:18 Context refreshed
2021-12-30 10:12:18 Found 1 custom documentation plugin(s)
2021-12-30 10:12:18 Scanning for api listing references
2021-12-30 10:12:18 Started HimsApplication in 0.979 seconds (JVM running for 2985.357)
2021-12-30 10:12:18 Condition evaluation unchanged
2021-12-30 10:12:38 Initializing Spring DispatcherServlet 'dispatcherServlet'
2021-12-30 10:12:38 Initializing Servlet 'dispatcherServlet'
2021-12-30 10:12:38 Completed initialization in 4 ms
2021-12-30 10:15:40 Shutting down ExecutorService 'applicationTaskExecutor'
2021-12-30 10:15:40 HikariPool-6 - Shutdown initiated...
2021-12-30 10:15:40 HikariPool-6 - Shutdown completed.
